running build
running config_cc
unifing config_cc, config, build_clib, build_ext, build commands --compiler options
running config_fc
unifing config_fc, config, build_clib, build_ext, build commands --fcompiler options
running build_src
build_src
building extension "cletkf_wloc" sources
f2py options: []
f2py:> /tmp/tmp0fitprqh/src.linux-x86_64-3.8/cletkf_wlocmodule.c
creating /tmp/tmp0fitprqh/src.linux-x86_64-3.8
Reading fortran codes...
	Reading file 'netlib.f90' (format:fix)
	Reading file 'SFMT.f90' (format:free)
	Reading file 'common_tools.f90' (format:free)
	Reading file 'common_mtx.f90' (format:free)
	Reading file 'common_letkf.f90' (format:free)
	Reading file 'common_da_wloc.f90' (format:free)
Post-processing...
	Block: cletkf_wloc
			Block: dspdi
			Block: dspfa
			Block: pythag
			Block: rs
			Block: tql1
			Block: tql2
			Block: tred1
			Block: tred2
			Block: daxpy
			Block: dcopy
			Block: ddot
			Block: dswap
			Block: idamax
			Block: dgemm
			Block: lsame
			Block: xerbla
			Block: mod_sfmt
			Block: rshift128
			Block: lshift128
			Block: do_recursion
			Block: gen_rand_all
			Block: period_certification
			Block: gen_rand32
			Block: gen_rand64
			Block: init_gen_rand
			Block: genrand_res53
			Block: common_tools
				Block: com_mean
				Block: com_stdev
				Block: com_covar
				Block: com_correl
				Block: com_anomcorrel
				Block: com_l2norm
				Block: com_rms
				Block: com_filter_lanczos
				Block: com_rand
				Block: com_randn
				Block: com_interp_spline
			Block: common_mtx
				Block: mtx_eigen
				Block: mtx_inv
				Block: mtx_sqrt
				Block: mtx_inv_rg
			Block: common_letkf
				Block: letkf_core
In: :cletkf_wloc:common_letkf.f90:common_letkf:letkf_core
get_parameters: got "unexpected EOF while parsing (<string>, line 1)" on '0.04d0'
				Block: weight_rtps
				Block: weight_rtpp
				Block: weight_epes
				Block: weight_modepes
			Block: common_da
				Block: simple_letkf_wloc
				Block: simple_loc
				Block: calc_ref_ens
				Block: calc_ref
In: :cletkf_wloc:common_da_wloc.f90:common_da:calc_ref
get_parameters: got "unexpected EOF while parsing (<string>, line 1)" on '-20.0d0'
Post-processing (stage 2)...
	Block: cletkf_wloc
		Block: unknown_interface
			Block: dspdi
			Block: dspfa
			Block: pythag
			Block: rs
			Block: tql1
			Block: tql2
			Block: tred1
			Block: tred2
			Block: daxpy
			Block: dcopy
			Block: ddot
			Block: dswap
			Block: idamax
			Block: dgemm
			Block: lsame
			Block: xerbla
			Block: mod_sfmt
			Block: rshift128
			Block: lshift128
			Block: do_recursion
			Block: gen_rand_all
			Block: period_certification
			Block: gen_rand32
			Block: gen_rand64
			Block: init_gen_rand
			Block: genrand_res53
			Block: common_tools
				Block: com_mean
				Block: com_stdev
				Block: com_covar
				Block: com_correl
				Block: com_anomcorrel
				Block: com_l2norm
				Block: com_rms
				Block: com_filter_lanczos
				Block: com_rand
				Block: com_randn
				Block: com_interp_spline
			Block: common_mtx
				Block: mtx_eigen
				Block: mtx_inv
				Block: mtx_sqrt
				Block: mtx_inv_rg
			Block: common_letkf
				Block: letkf_core
				Block: weight_rtps
				Block: weight_rtpp
				Block: weight_epes
				Block: weight_modepes
			Block: common_da
				Block: simple_letkf_wloc
				Block: simple_loc
				Block: calc_ref_ens
				Block: calc_ref
Building modules...
	Building module "cletkf_wloc"...
		Constructing wrapper function "dspdi"...
		  dspdi(ap,n,kpvt,det,inert,work,job)
		Constructing wrapper function "dspfa"...
		  dspfa(ap,n,kpvt,info)
		Creating wrapper for Fortran function "pythag"("pythag")...
		Constructing wrapper function "pythag"...
		  pythag = pythag(a,b)
		Constructing wrapper function "rs"...
		  rs(a,w,matz,z,fv1,fv2,ierr,[nm,n])
		Constructing wrapper function "tql1"...
		  tql1(d,e,ierr,[n])
		Constructing wrapper function "tql2"...
		  tql2(d,e,z,ierr,[nm,n])
		Constructing wrapper function "tred1"...
		  tred1(a,d,e,e2,[nm,n])
		Constructing wrapper function "tred2"...
		  tred2(a,d,e,z,[nm,n])
		Constructing wrapper function "daxpy"...
getarrdims:warning: assumed shape array, using 0 instead of '*'
getarrdims:warning: assumed shape array, using 0 instead of '*'
		  daxpy(n,da,dx,incx,dy,incy)
		Constructing wrapper function "dcopy"...
getarrdims:warning: assumed shape array, using 0 instead of '*'
getarrdims:warning: assumed shape array, using 0 instead of '*'
		  dcopy(n,dx,incx,dy,incy)
		Creating wrapper for Fortran function "ddot"("ddot")...
		Constructing wrapper function "ddot"...
getarrdims:warning: assumed shape array, using 0 instead of '*'
getarrdims:warning: assumed shape array, using 0 instead of '*'
		  ddot = ddot(n,dx,incx,dy,incy)
		Constructing wrapper function "dswap"...
getarrdims:warning: assumed shape array, using 0 instead of '*'
getarrdims:warning: assumed shape array, using 0 instead of '*'
		  dswap(n,dx,incx,dy,incy)
		Creating wrapper for Fortran function "idamax"("idamax")...
		Constructing wrapper function "idamax"...
getarrdims:warning: assumed shape array, using 0 instead of '*'
		  idamax = idamax(n,dx,incx)
		Constructing wrapper function "dgemm"...
getarrdims:warning: assumed shape array, using 0 instead of '*'
getarrdims:warning: assumed shape array, using 0 instead of '*'
getarrdims:warning: assumed shape array, using 0 instead of '*'
		  dgemm(transa,transb,m,n,k,alpha,a,b,beta,c,[lda,ldb,ldc])
		Creating wrapper for Fortran function "lsame"("lsame")...
		Constructing wrapper function "lsame"...
		  lsame = lsame(ca,cb)
		Constructing wrapper function "xerbla"...
		  xerbla(srname,info)
		Constructing wrapper function "rshift128"...
		  outtop,outbtm = rshift128(intop,inbtm,shift)
		Constructing wrapper function "lshift128"...
		  outtop,outbtm = lshift128(intop,inbtm,shift)
		Constructing wrapper function "do_recursion"...
		  rtop,rbtm = do_recursion(atop,abtm,btop,bbtm,ctop,cbtm,dtop,dbtm)
		Constructing wrapper function "gen_rand_all"...
		  gen_rand_all()
		Constructing wrapper function "period_certification"...
		  period_certification()
		Creating wrapper for Fortran function "gen_rand32"("gen_rand32")...
		Constructing wrapper function "gen_rand32"...
		  gen_rand32 = gen_rand32()
		Creating wrapper for Fortran function "gen_rand64"("gen_rand64")...
		Constructing wrapper function "gen_rand64"...
		  gen_rand64 = gen_rand64()
		Constructing wrapper function "init_gen_rand"...
		  init_gen_rand(seed)
		Creating wrapper for Fortran function "genrand_res53"("genrand_res53")...
		Constructing wrapper function "genrand_res53"...
		  genrand_res53 = genrand_res53()
		Constructing F90 module support for "mod_sfmt"...
		  Variables: mexp n n32 n64 psfmt32 psfmt64 idx initialized pos1 sl1 sl2 sr1 sr2 msk12 msk34 msk_l parity1 parity2 parity3 parity4 parity
		Constructing F90 module support for "common_tools"...
		  Variables: r_size r_dble r_sngl pi gg rd cp re r_omega t0c undef
			Constructing wrapper function "common_tools.com_mean"...
			  amean = com_mean(var,[ndim])
			Constructing wrapper function "common_tools.com_stdev"...
			  aout = com_stdev(var,[ndim])
			Constructing wrapper function "common_tools.com_covar"...
			  cov = com_covar(var1,var2,[ndim])
			Constructing wrapper function "common_tools.com_correl"...
			  cor = com_correl(var1,var2,[ndim])
			Constructing wrapper function "common_tools.com_anomcorrel"...
			  cor = com_anomcorrel(var1,var2,varmean,[ndim])
			Constructing wrapper function "common_tools.com_l2norm"...
			  anorm = com_l2norm(var,[ndim])
			Constructing wrapper function "common_tools.com_rms"...
			  rmsv = com_rms(var,[ndim])
			Constructing wrapper function "common_tools.com_filter_lanczos"...
			  com_filter_lanczos(fc,var,[ndim])
			Constructing wrapper function "common_tools.com_rand"...
			  var = com_rand(ndim)
			Constructing wrapper function "common_tools.com_randn"...
			  var = com_randn(ndim,seed)
			Constructing wrapper function "common_tools.com_interp_spline"...
			  y5 = com_interp_spline(x,y,x5,[ndim,n])
		Constructing F90 module support for "common_mtx"...
			Constructing wrapper function "common_mtx.mtx_eigen"...
			  eival,eivec,nrank_eff = mtx_eigen(imode,a,[n])
			Constructing wrapper function "common_mtx.mtx_inv"...
			  ainv = mtx_inv(a,[n])
			Constructing wrapper function "common_mtx.mtx_sqrt"...
			  a_sqrt = mtx_sqrt(a,[n])
			Constructing wrapper function "common_mtx.mtx_inv_rg"...
			  ff = mtx_inv_rg(aa,[n])
		Constructing F90 module support for "common_letkf"...
			Constructing wrapper function "common_letkf.letkf_core"...
			  trans,transm,pao = letkf_core(hdxb,rloc,dep,parm_infl,minfl,[ne,nobsl])
			Constructing wrapper function "common_letkf.weight_rtps"...
			  wrlx = weight_rtps(relax_alpha_spread,w,pa,xb,[ne])
			Constructing wrapper function "common_letkf.weight_rtpp"...
			  wrlx = weight_rtpp(relax_alpha,w,[ne])
			Constructing wrapper function "common_letkf.weight_epes"...
			  wrlx = weight_epes(relax_alpha_spreadw,w,[ne])
			Constructing wrapper function "common_letkf.weight_modepes"...
			  wrlx = weight_modepes(relax_alpha_spreadw,w,[ne])
		Constructing F90 module support for "common_da"...
			Constructing wrapper function "common_da.simple_letkf_wloc"...
			  xa = simple_letkf_wloc(hxf,xf,dep,ox,oy,oz,locs,oerr,[nx,ny,nz,nbv,nvar,nobs])
			Constructing wrapper function "common_da.simple_loc"...
			  simple_loc(glx,gly,glz,olx,oly,olz,locs,rloc,[nobs])
			Constructing wrapper function "common_da.calc_ref_ens"...
			  refens = calc_ref_ens(qrens,qsens,qgens,tens,pens,[nx,ny,nz,nbv])
			Constructing wrapper function "common_da.calc_ref"...
			  ref = calc_ref(qr,qs,qg,t,p)
	Wrote C/API module "cletkf_wloc" to file "/tmp/tmp0fitprqh/src.linux-x86_64-3.8/cletkf_wlocmodule.c"
	Fortran 77 wrappers are saved to "/tmp/tmp0fitprqh/src.linux-x86_64-3.8/cletkf_wloc-f2pywrappers.f"
	Fortran 90 wrappers are saved to "/tmp/tmp0fitprqh/src.linux-x86_64-3.8/cletkf_wloc-f2pywrappers2.f90"
  adding '/tmp/tmp0fitprqh/src.linux-x86_64-3.8/fortranobject.c' to sources.
  adding '/tmp/tmp0fitprqh/src.linux-x86_64-3.8' to include_dirs.
copying /home/jorge.gacitua/datosmunin/miniconda3/envs/intermediate_exp/lib/python3.8/site-packages/numpy/f2py/src/fortranobject.c -> /tmp/tmp0fitprqh/src.linux-x86_64-3.8
copying /home/jorge.gacitua/datosmunin/miniconda3/envs/intermediate_exp/lib/python3.8/site-packages/numpy/f2py/src/fortranobject.h -> /tmp/tmp0fitprqh/src.linux-x86_64-3.8
  adding '/tmp/tmp0fitprqh/src.linux-x86_64-3.8/cletkf_wloc-f2pywrappers.f' to sources.
  adding '/tmp/tmp0fitprqh/src.linux-x86_64-3.8/cletkf_wloc-f2pywrappers2.f90' to sources.
build_src: building npy-pkg config files
running build_ext
customize UnixCCompiler
customize UnixCCompiler using build_ext
get_default_fcompiler: matching types: '['gnu95', 'intel', 'lahey', 'pg', 'nv', 'absoft', 'nag', 'vast', 'compaq', 'intele', 'intelem', 'gnu', 'g95', 'pathf95', 'nagfor', 'fujitsu']'
customize Gnu95FCompiler
Found executable /usr/bin/gfortran
customize Gnu95FCompiler
customize Gnu95FCompiler using build_ext
building 'cletkf_wloc' extension
compiling C sources
C compiler: gcc -pthread -B /home/jorge.gacitua/datosmunin/miniconda3/envs/intermediate_exp/compiler_compat -Wl,--sysroot=/ -Wsign-compare -DNDEBUG -g -fwrapv -O3 -Wall -Wstrict-prototypes -fPIC

creating /tmp/tmp0fitprqh/tmp
creating /tmp/tmp0fitprqh/tmp/tmp0fitprqh
creating /tmp/tmp0fitprqh/tmp/tmp0fitprqh/src.linux-x86_64-3.8
compile options: '-DNPY_DISABLE_OPTIMIZATION=1 -I/tmp/tmp0fitprqh/src.linux-x86_64-3.8 -I/home/jorge.gacitua/datosmunin/miniconda3/envs/intermediate_exp/lib/python3.8/site-packages/numpy/core/include -I/home/jorge.gacitua/datosmunin/miniconda3/envs/intermediate_exp/include/python3.8 -c'
gcc: /tmp/tmp0fitprqh/src.linux-x86_64-3.8/cletkf_wlocmodule.c
gcc: /tmp/tmp0fitprqh/src.linux-x86_64-3.8/fortranobject.c
In file included from /home/jorge.gacitua/datosmunin/miniconda3/envs/intermediate_exp/lib/python3.8/site-packages/numpy/core/include/numpy/ndarraytypes.h:1944,
                 from /home/jorge.gacitua/datosmunin/miniconda3/envs/intermediate_exp/lib/python3.8/site-packages/numpy/core/include/numpy/ndarrayobject.h:12,
                 from /home/jorge.gacitua/datosmunin/miniconda3/envs/intermediate_exp/lib/python3.8/site-packages/numpy/core/include/numpy/arrayobject.h:4,
                 from /tmp/tmp0fitprqh/src.linux-x86_64-3.8/fortranobject.h:13,
                 from /tmp/tmp0fitprqh/src.linux-x86_64-3.8/cletkf_wlocmodule.c:16:
/home/jorge.gacitua/datosmunin/miniconda3/envs/intermediate_exp/lib/python3.8/site-packages/numpy/core/include/numpy/npy_1_7_deprecated_api.h:17:2: warning: #warning "Using deprecated NumPy API, disable it with " "#define NPY_NO_DEPRECATED_API NPY_1_7_API_VERSION" [-Wcpp]
   17 | #warning "Using deprecated NumPy API, disable it with " \
      |  ^~~~~~~
In file included from /home/jorge.gacitua/datosmunin/miniconda3/envs/intermediate_exp/lib/python3.8/site-packages/numpy/core/include/numpy/ndarraytypes.h:1944,
                 from /home/jorge.gacitua/datosmunin/miniconda3/envs/intermediate_exp/lib/python3.8/site-packages/numpy/core/include/numpy/ndarrayobject.h:12,
                 from /home/jorge.gacitua/datosmunin/miniconda3/envs/intermediate_exp/lib/python3.8/site-packages/numpy/core/include/numpy/arrayobject.h:4,
                 from /tmp/tmp0fitprqh/src.linux-x86_64-3.8/fortranobject.h:13,
                 from /tmp/tmp0fitprqh/src.linux-x86_64-3.8/fortranobject.c:2:
/home/jorge.gacitua/datosmunin/miniconda3/envs/intermediate_exp/lib/python3.8/site-packages/numpy/core/include/numpy/npy_1_7_deprecated_api.h:17:2: warning: #warning "Using deprecated NumPy API, disable it with " "#define NPY_NO_DEPRECATED_API NPY_1_7_API_VERSION" [-Wcpp]
   17 | #warning "Using deprecated NumPy API, disable it with " \
      |  ^~~~~~~
/tmp/tmp0fitprqh/src.linux-x86_64-3.8/cletkf_wlocmodule.c:224:12: warning: ‘f2py_size’ defined but not used [-Wunused-function]
  224 | static int f2py_size(PyArrayObject* var, ...)
      |            ^~~~~~~~~
compiling Fortran 90 module sources
Fortran f77 compiler: /usr/bin/gfortran -Wall -g -ffixed-form -fno-second-underscore -fPIC -fopenmp -lgomp
Fortran f90 compiler: /usr/bin/gfortran -Wall -g -fno-second-underscore -fPIC -fopenmp -lgomp
Fortran fix compiler: /usr/bin/gfortran -Wall -g -ffixed-form -fno-second-underscore -Wall -g -fno-second-underscore -fPIC -fopenmp -lgomp
compile options: '-I/tmp/tmp0fitprqh/src.linux-x86_64-3.8 -I/home/jorge.gacitua/datosmunin/miniconda3/envs/intermediate_exp/lib/python3.8/site-packages/numpy/core/include -I/home/jorge.gacitua/datosmunin/miniconda3/envs/intermediate_exp/include/python3.8 -c'
extra options: '-J/tmp/tmp0fitprqh/ -I/tmp/tmp0fitprqh/'
gfortran:f90: SFMT.f90
SFMT.f90:34:33:

   34 |     integer,parameter:: N = (MEXP / 128 + 1)
      |                                 1
Warning: Integer division truncated to constant ‘155’ at (1) [-Winteger-division]
SFMT.f90:511:21:

  511 |         gen_rand32 = ibits(psfmt64(idx/2),32,32)
      |                     1
Warning: Possible change of value in conversion from INTEGER(8) to INTEGER(4) at (1) [-Wconversion]
SFMT.f90:513:21:

  513 |         gen_rand32 = ibits(psfmt64(idx/2),0,32)
      |                     1
Warning: Possible change of value in conversion from INTEGER(8) to INTEGER(4) at (1) [-Wconversion]
SFMT.f90:638:21:

  638 |         psfmt32(i) = ibits( temp64, 0, 32 )
      |                     1
Warning: Possible change of value in conversion from INTEGER(8) to INTEGER(4) at (1) [-Wconversion]
SFMT.f90:528:14:

  528 |     integer::i
      |              1
Warning: Unused variable ‘i’ declared at (1) [-Wunused-variable]
gfortran:f90: common_tools.f90
common_tools.f90:60:14:

   60 |   INTEGER :: i
      |              1
Warning: Unused variable ‘i’ declared at (1) [-Wunused-variable]
gfortran:f90: common_mtx.f90
gfortran:f90: common_letkf.f90
common_letkf.f90:66:38:

   66 |   REAL(r_size) :: parm(4),sigma_o,gain
      |                                      1
Warning: Unused variable ‘gain’ declared at (1) [-Wunused-variable]
common_letkf.f90:68:18:

   68 |   INTEGER :: i,j,k
      |                  1
Warning: Unused variable ‘k’ declared at (1) [-Wunused-variable]
common_letkf.f90:66:25:

   66 |   REAL(r_size) :: parm(4),sigma_o,gain
      |                         1
Warning: Unused variable ‘parm’ declared at (1) [-Wunused-variable]
common_letkf.f90:66:33:

   66 |   REAL(r_size) :: parm(4),sigma_o,gain
      |                                 1
Warning: Unused variable ‘sigma_o’ declared at (1) [-Wunused-variable]
gfortran:f90: common_da_wloc.f90
common_da_wloc.f90:78:30:

   78 |           xa(ix,iy,iz,:,iv) = xfmean(iv)
      |                              1
Warning: Possible change of value in conversion from REAL(8) to REAL(4) at (1) [-Wconversion]
common_da_wloc.f90:81:36:

   81 |                xa(ix,iy,iz,im,iv) = xa(ix,iy,iz,im,iv) &
      |                                    1
Warning: Possible change of value in conversion from REAL(8) to REAL(4) at (1) [-Wconversion]
common_da_wloc.f90:163:21:

  163 |   REAL(r_size)  :: p0
      |                     1
Warning: Unused variable ‘p0’ declared at (1) [-Wunused-variable]
common_da_wloc.f90:155:28:

  155 |   REAL(r_size)  :: qms , qmg !Melting species concentration (method 3)
      |                            1
Warning: Unused variable ‘qmg’ declared at (1) [-Wunused-variable]
common_da_wloc.f90:155:22:

  155 |   REAL(r_size)  :: qms , qmg !Melting species concentration (method 3)
      |                      1
Warning: Unused variable ‘qms’ declared at (1) [-Wunused-variable]
common_da_wloc.f90:156:21:

  156 |   REAL(r_size)  :: qt        !Total condensate mixing ratio (method 1)
      |                     1
Warning: Unused variable ‘qt’ declared at (1) [-Wunused-variable]
common_da_wloc.f90:162:40:

  162 |   REAL(r_size)  :: tmp_factor , rofactor
      |                                        1
Warning: Unused variable ‘rofactor’ declared at (1) [-Wunused-variable]
common_da_wloc.f90:162:29:

  162 |   REAL(r_size)  :: tmp_factor , rofactor
      |                             1
Warning: Unused variable ‘tmp_factor’ declared at (1) [-Wunused-variable]
compiling Fortran sources
Fortran f77 compiler: /usr/bin/gfortran -Wall -g -ffixed-form -fno-second-underscore -fPIC -fopenmp -lgomp
Fortran f90 compiler: /usr/bin/gfortran -Wall -g -fno-second-underscore -fPIC -fopenmp -lgomp
Fortran fix compiler: /usr/bin/gfortran -Wall -g -ffixed-form -fno-second-underscore -Wall -g -fno-second-underscore -fPIC -fopenmp -lgomp
compile options: '-I/tmp/tmp0fitprqh/src.linux-x86_64-3.8 -I/home/jorge.gacitua/datosmunin/miniconda3/envs/intermediate_exp/lib/python3.8/site-packages/numpy/core/include -I/home/jorge.gacitua/datosmunin/miniconda3/envs/intermediate_exp/include/python3.8 -c'
extra options: '-J/tmp/tmp0fitprqh/ -I/tmp/tmp0fitprqh/'
gfortran:fix: netlib.f90
netlib.f90:633:72:

  633 |   100 e(i-1) = e(i)
      |                                                                        1
Warning: Fortran 2018 deleted feature: DO termination statement which is not END DO or CONTINUE with label 100 at (1)
netlib.f90:667:72:

  667 |   140    d(i) = d(i) - h
      |                                                                        1
Warning: Fortran 2018 deleted feature: DO termination statement which is not END DO or CONTINUE with label 140 at (1)
netlib.f90:784:72:

  784 |   100 e(i-1) = e(i)
      |                                                                        1
Warning: Fortran 2018 deleted feature: DO termination statement which is not END DO or CONTINUE with label 100 at (1)
netlib.f90:818:72:

  818 |   140    d(i) = d(i) - h
      |                                                                        1
Warning: Fortran 2018 deleted feature: DO termination statement which is not END DO or CONTINUE with label 140 at (1)
netlib.f90:947:72:

  947 |   120    scale = scale + dabs(d(k))
      |                                                                        1
Warning: Fortran 2018 deleted feature: DO termination statement which is not END DO or CONTINUE with label 120 at (1)
netlib.f90:975:72:

  975 |   170    e(j) = 0.0d0
      |                                                                        1
Warning: Fortran 2018 deleted feature: DO termination statement which is not END DO or CONTINUE with label 170 at (1)
netlib.f90:1001:72:

 1001 |   250    e(j) = e(j) - h * d(j)
      |                                                                        1
Warning: Fortran 2018 deleted feature: DO termination statement which is not END DO or CONTINUE with label 250 at (1)
netlib.f90:1008:72:

 1008 |   260       a(k,j) = a(k,j) - f * e(k) - g * d(k)
      |                                                                        1
Warning: Fortran 2018 deleted feature: DO termination statement which is not END DO or CONTINUE with label 260 at (1)
netlib.f90:1070:72:

 1070 |    80    z(j,i) = a(j,i)
      |                                                                        1
Warning: Fortran 2018 deleted feature: DO termination statement which is not END DO or CONTINUE with label 80 at (1)
netlib.f90:1085:72:

 1085 |   120    scale = scale + dabs(d(k))
      |                                                                        1
Warning: Fortran 2018 deleted feature: DO termination statement which is not END DO or CONTINUE with label 120 at (1)
netlib.f90:1110:72:

 1110 |   170    e(j) = 0.0d0
      |                                                                        1
Warning: Fortran 2018 deleted feature: DO termination statement which is not END DO or CONTINUE with label 170 at (1)
netlib.f90:1137:72:

 1137 |   250    e(j) = e(j) - hh * d(j)
      |                                                                        1
Warning: Fortran 2018 deleted feature: DO termination statement which is not END DO or CONTINUE with label 250 at (1)
netlib.f90:1144:72:

 1144 |   260       z(k,j) = z(k,j) - f * e(k) - g * d(k)
      |                                                                        1
Warning: Fortran 2018 deleted feature: DO termination statement which is not END DO or CONTINUE with label 260 at (1)
netlib.f90:1161:72:

 1161 |   330    d(k) = z(k,i) / h
      |                                                                        1
Warning: Fortran 2018 deleted feature: DO termination statement which is not END DO or CONTINUE with label 330 at (1)
netlib.f90:1167:72:

 1167 |   340       g = g + z(k,i) * z(k,j)
      |                                                                        1
Warning: Fortran 2018 deleted feature: DO termination statement which is not END DO or CONTINUE with label 340 at (1)
netlib.f90:1169:72:

 1169 |             do 360 k = 1, l
      |                                                                        1
Warning: Fortran 2018 deleted feature: Shared DO termination label 360 at (1)
netlib.f90:1174:72:

 1174 |   400    z(k,i) = 0.0d0
      |                                                                        1
Warning: Fortran 2018 deleted feature: DO termination statement which is not END DO or CONTINUE with label 400 at (1)
gfortran:f90: /tmp/tmp0fitprqh/src.linux-x86_64-3.8/cletkf_wloc-f2pywrappers2.f90
gfortran:f77: /tmp/tmp0fitprqh/src.linux-x86_64-3.8/cletkf_wloc-f2pywrappers.f
/usr/bin/gfortran -Wall -g -Wall -g -shared /tmp/tmp0fitprqh/tmp/tmp0fitprqh/src.linux-x86_64-3.8/cletkf_wlocmodule.o /tmp/tmp0fitprqh/tmp/tmp0fitprqh/src.linux-x86_64-3.8/fortranobject.o /tmp/tmp0fitprqh/SFMT.o /tmp/tmp0fitprqh/common_tools.o /tmp/tmp0fitprqh/common_mtx.o /tmp/tmp0fitprqh/common_letkf.o /tmp/tmp0fitprqh/common_da_wloc.o /tmp/tmp0fitprqh/netlib.o /tmp/tmp0fitprqh/tmp/tmp0fitprqh/src.linux-x86_64-3.8/cletkf_wloc-f2pywrappers.o /tmp/tmp0fitprqh/tmp/tmp0fitprqh/src.linux-x86_64-3.8/cletkf_wloc-f2pywrappers2.o -L/usr/lib/gcc/x86_64-linux-gnu/10 -L/usr/lib/gcc/x86_64-linux-gnu/10 -lgomp -lgfortran -o ./cletkf_wloc.cpython-38-x86_64-linux-gnu.so
rmbadname1: Replacing "max" with "max_bn".
getctype: "real(kind=r_size)" is mapped to C "float" (to override define dict(real = dict(r_size="<C typespec>")) in /datagroups/munin/datos3/jorge.gacitua/Vertical_Sections/code/python/common_python/common_letkf/.f2py_f2cmap file).
getctype: "real(kind=r_size)" is mapped to C "float" (to override define dict(real = dict(r_size="<C typespec>")) in /datagroups/munin/datos3/jorge.gacitua/Vertical_Sections/code/python/common_python/common_letkf/.f2py_f2cmap file).
getctype: "real(kind=r_size)" is mapped to C "float" (to override define dict(real = dict(r_size="<C typespec>")) in /datagroups/munin/datos3/jorge.gacitua/Vertical_Sections/code/python/common_python/common_letkf/.f2py_f2cmap file).
getctype: "real(kind=r_size)" is mapped to C "float" (to override define dict(real = dict(r_size="<C typespec>")) in /datagroups/munin/datos3/jorge.gacitua/Vertical_Sections/code/python/common_python/common_letkf/.f2py_f2cmap file).
getctype: "real(kind=r_size)" is mapped to C "float" (to override define dict(real = dict(r_size="<C typespec>")) in /datagroups/munin/datos3/jorge.gacitua/Vertical_Sections/code/python/common_python/common_letkf/.f2py_f2cmap file).
getctype: "real(kind=r_size)" is mapped to C "float" (to override define dict(real = dict(r_size="<C typespec>")) in /datagroups/munin/datos3/jorge.gacitua/Vertical_Sections/code/python/common_python/common_letkf/.f2py_f2cmap file).
getctype: "real(kind=r_size)" is mapped to C "float" (to override define dict(real = dict(r_size="<C typespec>")) in /datagroups/munin/datos3/jorge.gacitua/Vertical_Sections/code/python/common_python/common_letkf/.f2py_f2cmap file).
getctype: "real(kind=r_size)" is mapped to C "float" (to override define dict(real = dict(r_size="<C typespec>")) in /datagroups/munin/datos3/jorge.gacitua/Vertical_Sections/code/python/common_python/common_letkf/.f2py_f2cmap file).
getctype: "real(kind=r_size)" is mapped to C "float" (to override define dict(real = dict(r_size="<C typespec>")) in /datagroups/munin/datos3/jorge.gacitua/Vertical_Sections/code/python/common_python/common_letkf/.f2py_f2cmap file).
getctype: "real(kind=r_size)" is mapped to C "float" (to override define dict(real = dict(r_size="<C typespec>")) in /datagroups/munin/datos3/jorge.gacitua/Vertical_Sections/code/python/common_python/common_letkf/.f2py_f2cmap file).
getctype: "real(kind=r_size)" is mapped to C "float" (to override define dict(real = dict(r_size="<C typespec>")) in /datagroups/munin/datos3/jorge.gacitua/Vertical_Sections/code/python/common_python/common_letkf/.f2py_f2cmap file).
getctype: "real(kind=r_size)" is mapped to C "float" (to override define dict(real = dict(r_size="<C typespec>")) in /datagroups/munin/datos3/jorge.gacitua/Vertical_Sections/code/python/common_python/common_letkf/.f2py_f2cmap file).
getctype: "real(kind=r_size)" is mapped to C "float" (to override define dict(real = dict(r_size="<C typespec>")) in /datagroups/munin/datos3/jorge.gacitua/Vertical_Sections/code/python/common_python/common_letkf/.f2py_f2cmap file).
getctype: "real(kind=r_size)" is mapped to C "float" (to override define dict(real = dict(r_size="<C typespec>")) in /datagroups/munin/datos3/jorge.gacitua/Vertical_Sections/code/python/common_python/common_letkf/.f2py_f2cmap file).
getctype: "real(kind=r_size)" is mapped to C "float" (to override define dict(real = dict(r_size="<C typespec>")) in /datagroups/munin/datos3/jorge.gacitua/Vertical_Sections/code/python/common_python/common_letkf/.f2py_f2cmap file).
getctype: "real(kind=r_size)" is mapped to C "float" (to override define dict(real = dict(r_size="<C typespec>")) in /datagroups/munin/datos3/jorge.gacitua/Vertical_Sections/code/python/common_python/common_letkf/.f2py_f2cmap file).
getctype: "real(kind=r_size)" is mapped to C "float" (to override define dict(real = dict(r_size="<C typespec>")) in /datagroups/munin/datos3/jorge.gacitua/Vertical_Sections/code/python/common_python/common_letkf/.f2py_f2cmap file).
getctype: "real(kind=r_size)" is mapped to C "float" (to override define dict(real = dict(r_size="<C typespec>")) in /datagroups/munin/datos3/jorge.gacitua/Vertical_Sections/code/python/common_python/common_letkf/.f2py_f2cmap file).
getctype: "real(kind=r_size)" is mapped to C "float" (to override define dict(real = dict(r_size="<C typespec>")) in /datagroups/munin/datos3/jorge.gacitua/Vertical_Sections/code/python/common_python/common_letkf/.f2py_f2cmap file).
getctype: "real(kind=r_size)" is mapped to C "float" (to override define dict(real = dict(r_size="<C typespec>")) in /datagroups/munin/datos3/jorge.gacitua/Vertical_Sections/code/python/common_python/common_letkf/.f2py_f2cmap file).
getctype: "real(kind=r_size)" is mapped to C "float" (to override define dict(real = dict(r_size="<C typespec>")) in /datagroups/munin/datos3/jorge.gacitua/Vertical_Sections/code/python/common_python/common_letkf/.f2py_f2cmap file).
getctype: "real(kind=r_size)" is mapped to C "float" (to override define dict(real = dict(r_size="<C typespec>")) in /datagroups/munin/datos3/jorge.gacitua/Vertical_Sections/code/python/common_python/common_letkf/.f2py_f2cmap file).
getctype: "real(kind=r_size)" is mapped to C "float" (to override define dict(real = dict(r_size="<C typespec>")) in /datagroups/munin/datos3/jorge.gacitua/Vertical_Sections/code/python/common_python/common_letkf/.f2py_f2cmap file).
getctype: "real(kind=r_size)" is mapped to C "float" (to override define dict(real = dict(r_size="<C typespec>")) in /datagroups/munin/datos3/jorge.gacitua/Vertical_Sections/code/python/common_python/common_letkf/.f2py_f2cmap file).
getctype: "real(kind=r_size)" is mapped to C "float" (to override define dict(real = dict(r_size="<C typespec>")) in /datagroups/munin/datos3/jorge.gacitua/Vertical_Sections/code/python/common_python/common_letkf/.f2py_f2cmap file).
getctype: "real(kind=r_size)" is mapped to C "float" (to override define dict(real = dict(r_size="<C typespec>")) in /datagroups/munin/datos3/jorge.gacitua/Vertical_Sections/code/python/common_python/common_letkf/.f2py_f2cmap file).
getctype: "real(kind=r_size)" is mapped to C "float" (to override define dict(real = dict(r_size="<C typespec>")) in /datagroups/munin/datos3/jorge.gacitua/Vertical_Sections/code/python/common_python/common_letkf/.f2py_f2cmap file).
getctype: "real(kind=r_size)" is mapped to C "float" (to override define dict(real = dict(r_size="<C typespec>")) in /datagroups/munin/datos3/jorge.gacitua/Vertical_Sections/code/python/common_python/common_letkf/.f2py_f2cmap file).
getctype: "real(kind=r_size)" is mapped to C "float" (to override define dict(real = dict(r_size="<C typespec>")) in /datagroups/munin/datos3/jorge.gacitua/Vertical_Sections/code/python/common_python/common_letkf/.f2py_f2cmap file).
getctype: "real(kind=r_size)" is mapped to C "float" (to override define dict(real = dict(r_size="<C typespec>")) in /datagroups/munin/datos3/jorge.gacitua/Vertical_Sections/code/python/common_python/common_letkf/.f2py_f2cmap file).
getctype: "real(kind=r_size)" is mapped to C "float" (to override define dict(real = dict(r_size="<C typespec>")) in /datagroups/munin/datos3/jorge.gacitua/Vertical_Sections/code/python/common_python/common_letkf/.f2py_f2cmap file).
getctype: "real(kind=r_size)" is mapped to C "float" (to override define dict(real = dict(r_size="<C typespec>")) in /datagroups/munin/datos3/jorge.gacitua/Vertical_Sections/code/python/common_python/common_letkf/.f2py_f2cmap file).
getctype: "real(kind=r_size)" is mapped to C "float" (to override define dict(real = dict(r_size="<C typespec>")) in /datagroups/munin/datos3/jorge.gacitua/Vertical_Sections/code/python/common_python/common_letkf/.f2py_f2cmap file).
getctype: "real(kind=r_size)" is mapped to C "float" (to override define dict(real = dict(r_size="<C typespec>")) in /datagroups/munin/datos3/jorge.gacitua/Vertical_Sections/code/python/common_python/common_letkf/.f2py_f2cmap file).
getctype: "real(kind=r_size)" is mapped to C "float" (to override define dict(real = dict(r_size="<C typespec>")) in /datagroups/munin/datos3/jorge.gacitua/Vertical_Sections/code/python/common_python/common_letkf/.f2py_f2cmap file).
getctype: "real(kind=r_size)" is mapped to C "float" (to override define dict(real = dict(r_size="<C typespec>")) in /datagroups/munin/datos3/jorge.gacitua/Vertical_Sections/code/python/common_python/common_letkf/.f2py_f2cmap file).
getctype: "real(kind=r_size)" is mapped to C "float" (to override define dict(real = dict(r_size="<C typespec>")) in /datagroups/munin/datos3/jorge.gacitua/Vertical_Sections/code/python/common_python/common_letkf/.f2py_f2cmap file).
getctype: "real(kind=r_size)" is mapped to C "float" (to override define dict(real = dict(r_size="<C typespec>")) in /datagroups/munin/datos3/jorge.gacitua/Vertical_Sections/code/python/common_python/common_letkf/.f2py_f2cmap file).
getctype: "real(kind=r_size)" is mapped to C "float" (to override define dict(real = dict(r_size="<C typespec>")) in /datagroups/munin/datos3/jorge.gacitua/Vertical_Sections/code/python/common_python/common_letkf/.f2py_f2cmap file).
getctype: "real(kind=r_size)" is mapped to C "float" (to override define dict(real = dict(r_size="<C typespec>")) in /datagroups/munin/datos3/jorge.gacitua/Vertical_Sections/code/python/common_python/common_letkf/.f2py_f2cmap file).
getctype: "real(kind=r_size)" is mapped to C "float" (to override define dict(real = dict(r_size="<C typespec>")) in /datagroups/munin/datos3/jorge.gacitua/Vertical_Sections/code/python/common_python/common_letkf/.f2py_f2cmap file).
getctype: "real(kind=r_size)" is mapped to C "float" (to override define dict(real = dict(r_size="<C typespec>")) in /datagroups/munin/datos3/jorge.gacitua/Vertical_Sections/code/python/common_python/common_letkf/.f2py_f2cmap file).
getctype: "real(kind=r_size)" is mapped to C "float" (to override define dict(real = dict(r_size="<C typespec>")) in /datagroups/munin/datos3/jorge.gacitua/Vertical_Sections/code/python/common_python/common_letkf/.f2py_f2cmap file).
getctype: "real(kind=r_size)" is mapped to C "float" (to override define dict(real = dict(r_size="<C typespec>")) in /datagroups/munin/datos3/jorge.gacitua/Vertical_Sections/code/python/common_python/common_letkf/.f2py_f2cmap file).
getctype: "real(kind=r_size)" is mapped to C "float" (to override define dict(real = dict(r_size="<C typespec>")) in /datagroups/munin/datos3/jorge.gacitua/Vertical_Sections/code/python/common_python/common_letkf/.f2py_f2cmap file).
getctype: "real(kind=r_size)" is mapped to C "float" (to override define dict(real = dict(r_size="<C typespec>")) in /datagroups/munin/datos3/jorge.gacitua/Vertical_Sections/code/python/common_python/common_letkf/.f2py_f2cmap file).
getctype: "real(kind=r_size)" is mapped to C "float" (to override define dict(real = dict(r_size="<C typespec>")) in /datagroups/munin/datos3/jorge.gacitua/Vertical_Sections/code/python/common_python/common_letkf/.f2py_f2cmap file).
getctype: "real(kind=r_size)" is mapped to C "float" (to override define dict(real = dict(r_size="<C typespec>")) in /datagroups/munin/datos3/jorge.gacitua/Vertical_Sections/code/python/common_python/common_letkf/.f2py_f2cmap file).
getctype: "real(kind=r_size)" is mapped to C "float" (to override define dict(real = dict(r_size="<C typespec>")) in /datagroups/munin/datos3/jorge.gacitua/Vertical_Sections/code/python/common_python/common_letkf/.f2py_f2cmap file).
getctype: "real(kind=r_size)" is mapped to C "float" (to override define dict(real = dict(r_size="<C typespec>")) in /datagroups/munin/datos3/jorge.gacitua/Vertical_Sections/code/python/common_python/common_letkf/.f2py_f2cmap file).
getctype: "real(kind=r_size)" is mapped to C "float" (to override define dict(real = dict(r_size="<C typespec>")) in /datagroups/munin/datos3/jorge.gacitua/Vertical_Sections/code/python/common_python/common_letkf/.f2py_f2cmap file).
getctype: "real(kind=r_size)" is mapped to C "float" (to override define dict(real = dict(r_size="<C typespec>")) in /datagroups/munin/datos3/jorge.gacitua/Vertical_Sections/code/python/common_python/common_letkf/.f2py_f2cmap file).
getctype: "real(kind=r_size)" is mapped to C "float" (to override define dict(real = dict(r_size="<C typespec>")) in /datagroups/munin/datos3/jorge.gacitua/Vertical_Sections/code/python/common_python/common_letkf/.f2py_f2cmap file).
getctype: "real(kind=r_size)" is mapped to C "float" (to override define dict(real = dict(r_size="<C typespec>")) in /datagroups/munin/datos3/jorge.gacitua/Vertical_Sections/code/python/common_python/common_letkf/.f2py_f2cmap file).
getctype: "real(kind=r_size)" is mapped to C "float" (to override define dict(real = dict(r_size="<C typespec>")) in /datagroups/munin/datos3/jorge.gacitua/Vertical_Sections/code/python/common_python/common_letkf/.f2py_f2cmap file).
getctype: "real(kind=r_size)" is mapped to C "float" (to override define dict(real = dict(r_size="<C typespec>")) in /datagroups/munin/datos3/jorge.gacitua/Vertical_Sections/code/python/common_python/common_letkf/.f2py_f2cmap file).
getctype: "real(kind=r_size)" is mapped to C "float" (to override define dict(real = dict(r_size="<C typespec>")) in /datagroups/munin/datos3/jorge.gacitua/Vertical_Sections/code/python/common_python/common_letkf/.f2py_f2cmap file).
getctype: "real(kind=r_size)" is mapped to C "float" (to override define dict(real = dict(r_size="<C typespec>")) in /datagroups/munin/datos3/jorge.gacitua/Vertical_Sections/code/python/common_python/common_letkf/.f2py_f2cmap file).
getctype: "real(kind=r_size)" is mapped to C "float" (to override define dict(real = dict(r_size="<C typespec>")) in /datagroups/munin/datos3/jorge.gacitua/Vertical_Sections/code/python/common_python/common_letkf/.f2py_f2cmap file).
getctype: "real(kind=r_size)" is mapped to C "float" (to override define dict(real = dict(r_size="<C typespec>")) in /datagroups/munin/datos3/jorge.gacitua/Vertical_Sections/code/python/common_python/common_letkf/.f2py_f2cmap file).
getctype: "real(kind=r_size)" is mapped to C "float" (to override define dict(real = dict(r_size="<C typespec>")) in /datagroups/munin/datos3/jorge.gacitua/Vertical_Sections/code/python/common_python/common_letkf/.f2py_f2cmap file).
getctype: "real(kind=r_size)" is mapped to C "float" (to override define dict(real = dict(r_size="<C typespec>")) in /datagroups/munin/datos3/jorge.gacitua/Vertical_Sections/code/python/common_python/common_letkf/.f2py_f2cmap file).
getctype: "real(kind=r_size)" is mapped to C "float" (to override define dict(real = dict(r_size="<C typespec>")) in /datagroups/munin/datos3/jorge.gacitua/Vertical_Sections/code/python/common_python/common_letkf/.f2py_f2cmap file).
getctype: "real(kind=r_size)" is mapped to C "float" (to override define dict(real = dict(r_size="<C typespec>")) in /datagroups/munin/datos3/jorge.gacitua/Vertical_Sections/code/python/common_python/common_letkf/.f2py_f2cmap file).
getctype: "real(kind=r_size)" is mapped to C "float" (to override define dict(real = dict(r_size="<C typespec>")) in /datagroups/munin/datos3/jorge.gacitua/Vertical_Sections/code/python/common_python/common_letkf/.f2py_f2cmap file).
getctype: "real(kind=r_size)" is mapped to C "float" (to override define dict(real = dict(r_size="<C typespec>")) in /datagroups/munin/datos3/jorge.gacitua/Vertical_Sections/code/python/common_python/common_letkf/.f2py_f2cmap file).
getctype: "real(kind=r_size)" is mapped to C "float" (to override define dict(real = dict(r_size="<C typespec>")) in /datagroups/munin/datos3/jorge.gacitua/Vertical_Sections/code/python/common_python/common_letkf/.f2py_f2cmap file).
getctype: "real(kind=r_size)" is mapped to C "float" (to override define dict(real = dict(r_size="<C typespec>")) in /datagroups/munin/datos3/jorge.gacitua/Vertical_Sections/code/python/common_python/common_letkf/.f2py_f2cmap file).
getctype: "real(kind=r_size)" is mapped to C "float" (to override define dict(real = dict(r_size="<C typespec>")) in /datagroups/munin/datos3/jorge.gacitua/Vertical_Sections/code/python/common_python/common_letkf/.f2py_f2cmap file).
getctype: "real(kind=r_size)" is mapped to C "float" (to override define dict(real = dict(r_size="<C typespec>")) in /datagroups/munin/datos3/jorge.gacitua/Vertical_Sections/code/python/common_python/common_letkf/.f2py_f2cmap file).
getctype: "real(kind=r_size)" is mapped to C "float" (to override define dict(real = dict(r_size="<C typespec>")) in /datagroups/munin/datos3/jorge.gacitua/Vertical_Sections/code/python/common_python/common_letkf/.f2py_f2cmap file).
getctype: "real(kind=r_size)" is mapped to C "float" (to override define dict(real = dict(r_size="<C typespec>")) in /datagroups/munin/datos3/jorge.gacitua/Vertical_Sections/code/python/common_python/common_letkf/.f2py_f2cmap file).
getctype: "real(kind=r_size)" is mapped to C "float" (to override define dict(real = dict(r_size="<C typespec>")) in /datagroups/munin/datos3/jorge.gacitua/Vertical_Sections/code/python/common_python/common_letkf/.f2py_f2cmap file).
getctype: "real(kind=r_size)" is mapped to C "float" (to override define dict(real = dict(r_size="<C typespec>")) in /datagroups/munin/datos3/jorge.gacitua/Vertical_Sections/code/python/common_python/common_letkf/.f2py_f2cmap file).
getctype: "real(kind=r_size)" is mapped to C "float" (to override define dict(real = dict(r_size="<C typespec>")) in /datagroups/munin/datos3/jorge.gacitua/Vertical_Sections/code/python/common_python/common_letkf/.f2py_f2cmap file).
getctype: "real(kind=r_size)" is mapped to C "float" (to override define dict(real = dict(r_size="<C typespec>")) in /datagroups/munin/datos3/jorge.gacitua/Vertical_Sections/code/python/common_python/common_letkf/.f2py_f2cmap file).
getctype: "real(kind=r_size)" is mapped to C "float" (to override define dict(real = dict(r_size="<C typespec>")) in /datagroups/munin/datos3/jorge.gacitua/Vertical_Sections/code/python/common_python/common_letkf/.f2py_f2cmap file).
getctype: "real(kind=r_size)" is mapped to C "float" (to override define dict(real = dict(r_size="<C typespec>")) in /datagroups/munin/datos3/jorge.gacitua/Vertical_Sections/code/python/common_python/common_letkf/.f2py_f2cmap file).
Removing build directory /tmp/tmp0fitprqh
